<?xml version="1.0" encoding="UTF-8"?>
<testng-results ignored="0" total="1" passed="1" failed="0" skipped="0">
  <reporter-output>
  </reporter-output>
  <suite started-at="2019-01-14T18:25:12Z" name="com.techfundas.demoframework.DemoTest" finished-at="2019-01-14T18:25:22Z" duration-ms="9900">
    <groups>
    </groups>
    <test started-at="2019-01-14T18:25:12Z" name="Command line test" finished-at="2019-01-14T18:25:22Z" duration-ms="9900">
      <class name="com.techfundas.demoframework.DemoTest">
        <test-method signature="validateLaunch()[pri:0, instance:com.techfundas.demoframework.DemoTest@51e5fc98]" started-at="2019-01-14T18:25:12Z" name="validateLaunch" finished-at="2019-01-14T18:25:18Z" duration-ms="6194" status="PASS">
          <reporter-output>
          </reporter-output>
        </test-method> <!-- validateLaunch -->
        <test-method is-config="true" signature="teardown()[pri:0, instance:com.techfundas.demoframework.DemoTest@51e5fc98]" started-at="2019-01-14T18:25:18Z" name="teardown" finished-at="2019-01-14T18:25:22Z" duration-ms="3665" status="PASS">
          <reporter-output>
          </reporter-output>
        </test-method> <!-- teardown -->
      </class> <!-- com.techfundas.demoframework.DemoTest -->
    </test> <!-- Command line test -->
  </suite> <!-- com.techfundas.demoframework.DemoTest -->
</testng-results>
