<?xml version="1.0" encoding="UTF-8"?>
<testng-results ignored="0" total="1" passed="1" failed="0" skipped="0">
  <reporter-output>
  </reporter-output>
  <suite started-at="2019-01-14T17:16:42Z" name="LaunchSuite" finished-at="2019-01-14T17:16:52Z" duration-ms="9864">
    <groups>
    </groups>
    <test started-at="2019-01-14T17:16:42Z" name="Launch Tests" finished-at="2019-01-14T17:16:52Z" duration-ms="9864">
      <class name="com.techfundas.demoframework.DemoTest">
        <test-method signature="validateLaunch()[pri:0, instance:com.techfundas.demoframework.DemoTest@45ca843]" started-at="2019-01-14T17:16:42Z" name="validateLaunch" finished-at="2019-01-14T17:16:49Z" duration-ms="6036" status="PASS">
          <reporter-output>
          </reporter-output>
        </test-method> <!-- validateLaunch -->
        <test-method is-config="true" signature="teardown()[pri:0, instance:com.techfundas.demoframework.DemoTest@45ca843]" started-at="2019-01-14T17:16:49Z" name="teardown" finished-at="2019-01-14T17:16:52Z" duration-ms="3752" status="PASS">
          <reporter-output>
          </reporter-output>
        </test-method> <!-- teardown -->
      </class> <!-- com.techfundas.demoframework.DemoTest -->
    </test> <!-- Launch Tests -->
  </suite> <!-- LaunchSuite -->
</testng-results>
